<?xml version="1.0" encoding="UTF-8"?>
<testsuite name="com.transportcompany.CompaniesManagerTest" tests="1" skipped="0" failures="0" errors="0" timestamp="2021-01-28T11:51:27" hostname="DESKTOP-P40LPP9" time="0.028">
  <properties/>
  <testcase name="deleteFare()" classname="com.transportcompany.CompaniesManagerTest" time="0.028"/>
  <system-out><![CDATA[]]></system-out>
  <system-err><![CDATA[]]></system-err>
</testsuite>
